#
# There is insufficient memory for the Java Runtime Environment to continue.
# Native memory allocation (mmap) failed to map 69206016 bytes for committing reserved memory.
# Possible reasons:
#   The system is out of physical RAM or swap space
#   The process is running with CompressedOops enabled, and the Java Heap may be blocking the growth of the native heap
# Possible solutions:
#   Reduce memory load on the system
#   Increase physical memory or swap space
#   Check if swap backing store is full
#   Decrease Java heap size (-Xmx/-Xms)
#   Decrease number of Java threads
#   Decrease Java thread stack sizes (-Xss)
#   Set larger code cache with -XX:ReservedCodeCacheSize=
#   JVM is running with Unscaled Compressed Oops mode in which the Java heap is
#     placed in the first 4GB address space. The Java Heap base address is the
#     maximum limit for the native heap growth. Please use -XX:HeapBaseMinAddress
#     to set the Java Heap base and to place the Java Heap above 4GB virtual address.
# This output file may be truncated or incomplete.
#
#  Out of Memory Error (os_linux.cpp:2756), pid=11442, tid=0x00007fe3dcf48700
#
# JRE version: OpenJDK Runtime Environment (8.0_212-b03) (build 1.8.0_212-8u212-b03-0ubuntu1.18.04.1-b03)
# Java VM: OpenJDK 64-Bit Server VM (25.212-b03 mixed mode linux-amd64 compressed oops)
# Failed to write core dump. Core dumps have been disabled. To enable core dumping, try "ulimit -c unlimited" before starting Java again
#

---------------  T H R E A D  ---------------

Current thread (0x00007fe3f4077000):  VMThread [stack: 0x00007fe3dce49000,0x00007fe3dcf49000] [id=11451]

Stack: [0x00007fe3dce49000,0x00007fe3dcf49000],  sp=0x00007fe3dcf47470,  free space=1017k
Native frames: (J=compiled Java code, j=interpreted, Vv=VM code, C=native code)
V  [libjvm.so+0xab46a2]
V  [libjvm.so+0x4db6b7]
V  [libjvm.so+0x8ef7b0]
V  [libjvm.so+0x8e68ce]
V  [libjvm.so+0x96a406]
V  [libjvm.so+0x96b778]
V  [libjvm.so+0x967d76]
V  [libjvm.so+0x9604b9]
V  [libjvm.so+0x456b63]
V  [libjvm.so+0xab5821]
V  [libjvm.so+0xabaea6]
V  [libjvm.so+0xab91e5]
V  [libjvm.so+0xab9abd]
V  [libjvm.so+0xab9e97]
V  [libjvm.so+0x8ecb42]

VM_Operation (0x00007fe3fb4c9a00): CollectForMetadataAllocation, mode: safepoint, requested by thread 0x00007fe3f400d000


---------------  P R O C E S S  ---------------

Java Threads: ( => current thread )
  0x00007fe3f48cf000 JavaThread "Abandoned connection cleanup thread" daemon [_thread_blocked, id=11461, stack(0x00007fe3dc108000,0x00007fe3dc209000)]
  0x00007fe3f40c7000 JavaThread "Service Thread" daemon [_thread_blocked, id=11457, stack(0x00007fe3dc534000,0x00007fe3dc635000)]
  0x00007fe3f40bc800 JavaThread "C1 CompilerThread1" daemon [_thread_blocked, id=11456, stack(0x00007fe3dc636000,0x00007fe3dc736000)]
  0x00007fe3f40b9800 JavaThread "C2 CompilerThread0" daemon [_thread_blocked, id=11455, stack(0x00007fe3dc737000,0x00007fe3dc837000)]
  0x00007fe3f40b8000 JavaThread "Signal Dispatcher" daemon [_thread_blocked, id=11454, stack(0x00007fe3dc837000,0x00007fe3dc938000)]
  0x00007fe3f4083000 JavaThread "Finalizer" daemon [_thread_blocked, id=11453, stack(0x00007fe3dcc46000,0x00007fe3dcd47000)]
  0x00007fe3f4080800 JavaThread "Reference Handler" daemon [_thread_blocked, id=11452, stack(0x00007fe3dcd47000,0x00007fe3dce48000)]
  0x00007fe3f400d000 JavaThread "main" [_thread_blocked, id=11448, stack(0x00007fe3fb3d2000,0x00007fe3fb4d2000)]

Other Threads:
=>0x00007fe3f4077000 VMThread [stack: 0x00007fe3dce49000,0x00007fe3dcf49000] [id=11451]
  0x00007fe3f40c9800 WatcherThread [stack: 0x00007fe3dc434000,0x00007fe3dc534000] [id=11458]

VM state:at safepoint (normal execution)

VM Mutex/Monitor currently owned by a thread:  ([mutex/lock_event])
[0x00007fe3f4009bb0] Threads_lock - owner thread: 0x00007fe3f4077000
[0x00007fe3f400a0b0] Heap_lock - owner thread: 0x00007fe3f400d000

heap address: 0x00000000c2400000, size: 988 MB, Compressed Oops mode: 32-bit
Narrow klass base: 0x0000000000000000, Narrow klass shift: 3
Compressed class space size: 1073741824 Address: 0x0000000100000000

Heap:
 PSYoungGen      total 68096K, used 5117K [0x00000000eb700000, 0x00000000eff00000, 0x0000000100000000)
  eden space 62976K, 0% used [0x00000000eb700000,0x00000000eb700000,0x00000000ef480000)
  from space 5120K, 99% used [0x00000000ef480000,0x00000000ef97f6a8,0x00000000ef980000)
  to   space 4608K, 0% used [0x00000000ef980000,0x00000000ef980000,0x00000000efe00000)
 ParOldGen       total 42496K, used 9093K [0x00000000c2400000, 0x00000000c4d80000, 0x00000000eb700000)
  object space 42496K, 21% used [0x00000000c2400000,0x00000000c2ce1608,0x00000000c4d80000)
 Metaspace       used 20417K, capacity 21118K, committed 21296K, reserved 1069056K
  class space    used 2494K, capacity 2653K, committed 2688K, reserved 1048576K

Card table byte_map: [0x00007fe3e4636000,0x00007fe3e4825000] byte_map_base: 0x00007fe3e4024000

Marking Bits: (ParMarkBitMap*) 0x00007fe3fa6663c0
 Begin Bits: [0x00007fe3de120000, 0x00007fe3df090000)
 End Bits:   [0x00007fe3df090000, 0x00007fe3e0000000)

Polling page: 0x00007fe3fb4e7000

CodeCache: size=245760Kb used=7440Kb max_used=7440Kb free=238319Kb
 bounds [0x00007fe3e4be5000, 0x00007fe3e5335000, 0x00007fe3f3be5000]
 total_blobs=2628 nmethods=2234 adapters=308
 compilation: enabled

Compilation events (10 events):
Event: 4.362 Thread 0x00007fe3f40bc800 2236       3       java.lang.reflect.Field::getFieldAccessor (35 bytes)
Event: 4.362 Thread 0x00007fe3f40bc800 nmethod 2236 0x00007fe3e532ae50 code [0x00007fe3e532afc0, 0x00007fe3e532b208]
Event: 4.362 Thread 0x00007fe3f40bc800 2238       3       java.lang.reflect.Modifier::isVolatile (13 bytes)
Event: 4.362 Thread 0x00007fe3f40bc800 nmethod 2238 0x00007fe3e532b290 code [0x00007fe3e532b400, 0x00007fe3e532b590]
Event: 4.362 Thread 0x00007fe3f40bc800 2239       3       java.lang.reflect.Field::getFieldAccessor (16 bytes)
Event: 4.362 Thread 0x00007fe3f40bc800 nmethod 2239 0x00007fe3e532b610 code [0x00007fe3e532b780, 0x00007fe3e532b930]
Event: 4.362 Thread 0x00007fe3f40bc800 2240       3       java.lang.reflect.Field::get (51 bytes)
Event: 4.362 Thread 0x00007fe3f40bc800 nmethod 2240 0x00007fe3e532b990 code [0x00007fe3e532bb60, 0x00007fe3e532c188]
Event: 4.362 Thread 0x00007fe3f40bc800 2237       1       com.mysql.jdbc.ConnectionImpl::getExceptionInterceptor (5 bytes)
Event: 4.362 Thread 0x00007fe3f40bc800 nmethod 2237 0x00007fe3e532c390 code [0x00007fe3e532c4e0, 0x00007fe3e532c5f0]

GC Heap History (10 events):
Event: 1.715 GC heap after
Heap after GC invocations=2 (full 0):
 PSYoungGen      total 18432K, used 2541K [0x00000000eb700000, 0x00000000edb00000, 0x0000000100000000)
  eden space 15872K, 0% used [0x00000000eb700000,0x00000000eb700000,0x00000000ec680000)
  from space 2560K, 99% used [0x00000000ec900000,0x00000000ecb7b6c8,0x00000000ecb80000)
  to   space 2560K, 0% used [0x00000000ec680000,0x00000000ec680000,0x00000000ec900000)
 ParOldGen       total 42496K, used 848K [0x00000000c2400000, 0x00000000c4d80000, 0x00000000eb700000)
  object space 42496K, 1% used [0x00000000c2400000,0x00000000c24d43b0,0x00000000c4d80000)
 Metaspace       used 9670K, capacity 9978K, committed 10240K, reserved 1058816K
  class space    used 1137K, capacity 1229K, committed 1280K, reserved 1048576K
}
Event: 2.112 GC heap before
{Heap before GC invocations=3 (full 0):
 PSYoungGen      total 18432K, used 18413K [0x00000000eb700000, 0x00000000edb00000, 0x0000000100000000)
  eden space 15872K, 100% used [0x00000000eb700000,0x00000000ec680000,0x00000000ec680000)
  from space 2560K, 99% used [0x00000000ec900000,0x00000000ecb7b6c8,0x00000000ecb80000)
  to   space 2560K, 0% used [0x00000000ec680000,0x00000000ec680000,0x00000000ec900000)
 ParOldGen       total 42496K, used 848K [0x00000000c2400000, 0x00000000c4d80000, 0x00000000eb700000)
  object space 42496K, 1% used [0x00000000c2400000,0x00000000c24d43b0,0x00000000c4d80000)
 Metaspace       used 11559K, capacity 11900K, committed 12032K, reserved 1060864K
  class space    used 1404K, capacity 1504K, committed 1536K, reserved 1048576K
Event: 2.117 GC heap after
Heap after GC invocations=3 (full 0):
 PSYoungGen      total 18432K, used 2544K [0x00000000eb700000, 0x00000000edb00000, 0x0000000100000000)
  eden space 15872K, 0% used [0x00000000eb700000,0x00000000eb700000,0x00000000ec680000)
  from space 2560K, 99% used [0x00000000ec680000,0x00000000ec8fc288,0x00000000ec900000)
  to   space 2560K, 0% used [0x00000000ed880000,0x00000000ed880000,0x00000000edb00000)
 ParOldGen       total 42496K, used 2138K [0x00000000c2400000, 0x00000000c4d80000, 0x00000000eb700000)
  object space 42496K, 5% used [0x00000000c2400000,0x00000000c2616b68,0x00000000c4d80000)
 Metaspace       used 11559K, capacity 11900K, committed 12032K, reserved 1060864K
  class space    used 1404K, capacity 1504K, committed 1536K, reserved 1048576K
}
Event: 2.520 GC heap before
{Heap before GC invocations=4 (full 0):
 PSYoungGen      total 18432K, used 18416K [0x00000000eb700000, 0x00000000edb00000, 0x0000000100000000)
  eden space 15872K, 100% used [0x00000000eb700000,0x00000000ec680000,0x00000000ec680000)
  from space 2560K, 99% used [0x00000000ec680000,0x00000000ec8fc288,0x00000000ec900000)
  to   space 2560K, 0% used [0x00000000ed880000,0x00000000ed880000,0x00000000edb00000)
 ParOldGen       total 42496K, used 2138K [0x00000000c2400000, 0x00000000c4d80000, 0x00000000eb700000)
  object space 42496K, 5% used [0x00000000c2400000,0x00000000c2616b68,0x00000000c4d80000)
 Metaspace       used 13430K, capacity 13820K, committed 14080K, reserved 1060864K
  class space    used 1644K, capacity 1752K, committed 1792K, reserved 1048576K
Event: 2.537 GC heap after
Heap after GC invocations=4 (full 0):
 PSYoungGen      total 34304K, used 2544K [0x00000000eb700000, 0x00000000edb00000, 0x0000000100000000)
  eden space 31744K, 0% used [0x00000000eb700000,0x00000000eb700000,0x00000000ed600000)
  from space 2560K, 99% used [0x00000000ed880000,0x00000000edafc010,0x00000000edb00000)
  to   space 2560K, 0% used [0x00000000ed600000,0x00000000ed600000,0x00000000ed880000)
 ParOldGen       total 42496K, used 3919K [0x00000000c2400000, 0x00000000c4d80000, 0x00000000eb700000)
  object space 42496K, 9% used [0x00000000c2400000,0x00000000c27d3ea0,0x00000000c4d80000)
 Metaspace       used 13430K, capacity 13820K, committed 14080K, reserved 1060864K
  class space    used 1644K, capacity 1752K, committed 1792K, reserved 1048576K
}
Event: 2.738 GC heap before
{Heap before GC invocations=5 (full 0):
 PSYoungGen      total 34304K, used 34287K [0x00000000eb700000, 0x00000000edb00000, 0x0000000100000000)
  eden space 31744K, 99% used [0x00000000eb700000,0x00000000ed5ffcd0,0x00000000ed600000)
  from space 2560K, 99% used [0x00000000ed880000,0x00000000edafc010,0x00000000edb00000)
  to   space 2560K, 0% used [0x00000000ed600000,0x00000000ed600000,0x00000000ed880000)
 ParOldGen       total 42496K, used 3919K [0x00000000c2400000, 0x00000000c4d80000, 0x00000000eb700000)
  object space 42496K, 9% used [0x00000000c2400000,0x00000000c27d3ea0,0x00000000c4d80000)
 Metaspace       used 13962K, capacity 14396K, committed 14720K, reserved 1062912K
  class space    used 1709K, capacity 1872K, committed 1920K, reserved 1048576K
Event: 2.756 GC heap after
Heap after GC invocations=5 (full 0):
 PSYoungGen      total 34304K, used 2546K [0x00000000eb700000, 0x00000000efe00000, 0x0000000100000000)
  eden space 31744K, 0% used [0x00000000eb700000,0x00000000eb700000,0x00000000ed600000)
  from space 2560K, 99% used [0x00000000ed600000,0x00000000ed87ca08,0x00000000ed880000)
  to   space 4608K, 0% used [0x00000000ef980000,0x00000000ef980000,0x00000000efe00000)
 ParOldGen       total 42496K, used 4990K [0x00000000c2400000, 0x00000000c4d80000, 0x00000000eb700000)
  object space 42496K, 11% used [0x00000000c2400000,0x00000000c28dfa78,0x00000000c4d80000)
 Metaspace       used 13962K, capacity 14396K, committed 14720K, reserved 1062912K
  class space    used 1709K, capacity 1872K, committed 1920K, reserved 1048576K
}
Event: 3.165 GC heap before
{Heap before GC invocations=6 (full 0):
 PSYoungGen      total 34304K, used 34290K [0x00000000eb700000, 0x00000000efe00000, 0x0000000100000000)
  eden space 31744K, 100% used [0x00000000eb700000,0x00000000ed600000,0x00000000ed600000)
  from space 2560K, 99% used [0x00000000ed600000,0x00000000ed87ca08,0x00000000ed880000)
  to   space 4608K, 0% used [0x00000000ef980000,0x00000000ef980000,0x00000000efe00000)
 ParOldGen       total 42496K, used 4990K [0x00000000c2400000, 0x00000000c4d80000, 0x00000000eb700000)
  object space 42496K, 11% used [0x00000000c2400000,0x00000000c28dfa78,0x00000000c4d80000)
 Metaspace       used 15347K, capacity 15934K, committed 16256K, reserved 1062912K
  class space    used 1896K, capacity 2051K, committed 2176K, reserved 1048576K
Event: 3.179 GC heap after
Heap after GC invocations=6 (full 0):
 PSYoungGen      total 67584K, used 4603K [0x00000000eb700000, 0x00000000eff00000, 0x0000000100000000)
  eden space 62976K, 0% used [0x00000000eb700000,0x00000000eb700000,0x00000000ef480000)
  from space 4608K, 99% used [0x00000000ef980000,0x00000000efdfede8,0x00000000efe00000)
  to   space 5120K, 0% used [0x00000000ef480000,0x00000000ef480000,0x00000000ef980000)
 ParOldGen       total 42496K, used 5242K [0x00000000c2400000, 0x00000000c4d80000, 0x00000000eb700000)
  object space 42496K, 12% used [0x00000000c2400000,0x00000000c291eb50,0x00000000c4d80000)
 Metaspace       used 15347K, capacity 15934K, committed 16256K, reserved 1062912K
  class space    used 1896K, capacity 2051K, committed 2176K, reserved 1048576K
}
Event: 4.372 GC heap before
{Heap before GC invocations=7 (full 0):
 PSYoungGen      total 67584K, used 46132K [0x00000000eb700000, 0x00000000eff00000, 0x0000000100000000)
  eden space 62976K, 65% used [0x00000000eb700000,0x00000000edf8e2e0,0x00000000ef480000)
  from space 4608K, 99% used [0x00000000ef980000,0x00000000efdfede8,0x00000000efe00000)
  to   space 5120K, 0% used [0x00000000ef480000,0x00000000ef480000,0x00000000ef980000)
 ParOldGen       total 42496K, used 5242K [0x00000000c2400000, 0x00000000c4d80000, 0x00000000eb700000)
  object space 42496K, 12% used [0x00000000c2400000,0x00000000c291eb50,0x00000000c4d80000)
 Metaspace       used 20417K, capacity 21118K, committed 21296K, reserved 1069056K
  class space    used 2494K, capacity 2653K, committed 2688K, reserved 1048576K

Deoptimization events (10 events):
Event: 3.300 Thread 0x00007fe3f400d000 Uncommon trap: reason=unstable_if action=reinterpret pc=0x00007fe3e4fc6dbc method=java.util.concurrent.ConcurrentHashMap.putVal(Ljava/lang/Object;Ljava/lang/Object;Z)Ljava/lang/Object; @ 206
Event: 3.628 Thread 0x00007fe3f400d000 Uncommon trap: reason=unstable_if action=reinterpret pc=0x00007fe3e513c2dc method=java.lang.ThreadLocal$ThreadLocalMap.getEntry(Ljava/lang/ThreadLocal;)Ljava/lang/ThreadLocal$ThreadLocalMap$Entry; @ 29
Event: 3.791 Thread 0x00007fe3f400d000 Uncommon trap: reason=unstable_if action=reinterpret pc=0x00007fe3e5268810 method=org.springframework.boot.context.properties.source.ConfigurationPropertyName$Elements.charAt(II)C @ 13
Event: 3.883 Thread 0x00007fe3f400d000 Uncommon trap: reason=unstable_if action=reinterpret pc=0x00007fe3e50ce13c method=org.springframework.util.ObjectUtils.nullSafeEquals(Ljava/lang/Object;Ljava/lang/Object;)Z @ 8
Event: 3.891 Thread 0x00007fe3f400d000 Uncommon trap: reason=unstable_if action=reinterpret pc=0x00007fe3e52971d4 method=org.springframework.boot.context.properties.source.ConfigurationPropertyName.equals(Ljava/lang/Object;)Z @ 8
Event: 3.918 Thread 0x00007fe3f400d000 Uncommon trap: reason=unstable_if action=reinterpret pc=0x00007fe3e4e1d1f0 method=java.lang.AbstractStringBuilder.append(Ljava/lang/String;)Ljava/lang/AbstractStringBuilder; @ 1
Event: 3.932 Thread 0x00007fe3f400d000 Uncommon trap: reason=unstable_if action=reinterpret pc=0x00007fe3e5110228 method=java.util.concurrent.ConcurrentHashMap.get(Ljava/lang/Object;)Ljava/lang/Object; @ 76
Event: 4.189 Thread 0x00007fe3f400d000 Uncommon trap: reason=unstable_if action=reinterpret pc=0x00007fe3e4ef0a5c method=sun.nio.cs.UTF_8$Decoder.decode([BII[C)I @ 30
Event: 4.210 Thread 0x00007fe3f400d000 Uncommon trap: reason=unstable_if action=reinterpret pc=0x00007fe3e5311420 method=java.util.Properties.loadConvert([CII[C)Ljava/lang/String; @ 57
Event: 4.214 Thread 0x00007fe3f400d000 Uncommon trap: reason=unstable_if action=reinterpret pc=0x00007fe3e4eb27e0 method=sun.net.www.ParseUtil.encodePath(Ljava/lang/String;Z)Ljava/lang/String; @ 109

Classes redefined (0 events):
No events

Internal exceptions (10 events):
Event: 3.920 Thread 0x00007fe3f400d000 Implicit null exception at 0x00007fe3e527080d to 0x00007fe3e5270d7c
Event: 3.920 Thread 0x00007fe3f400d000 Exception <a 'java/lang/NullPointerException'> (0x00000000ecf29248) thrown at [/build/openjdk-8-fPix8r/openjdk-8-8u212-b03/src/hotspot/src/share/vm/runtime/sharedRuntime.cpp, line 605]
Event: 3.920 Thread 0x00007fe3f400d000 Implicit null exception at 0x00007fe3e527080d to 0x00007fe3e5270d7c
Event: 3.920 Thread 0x00007fe3f400d000 Exception <a 'java/lang/NullPointerException'> (0x00000000ecf2a010) thrown at [/build/openjdk-8-fPix8r/openjdk-8-8u212-b03/src/hotspot/src/share/vm/runtime/sharedRuntime.cpp, line 605]
Event: 3.921 Thread 0x00007fe3f400d000 Implicit null exception at 0x00007fe3e527080d to 0x00007fe3e5270d7c
Event: 3.921 Thread 0x00007fe3f400d000 Exception <a 'java/lang/NullPointerException'> (0x00000000ecf2ad80) thrown at [/build/openjdk-8-fPix8r/openjdk-8-8u212-b03/src/hotspot/src/share/vm/runtime/sharedRuntime.cpp, line 605]
Event: 3.921 Thread 0x00007fe3f400d000 Implicit null exception at 0x00007fe3e527080d to 0x00007fe3e5270d7c
Event: 3.921 Thread 0x00007fe3f400d000 Exception <a 'java/lang/NullPointerException'> (0x00000000ecf2bae8) thrown at [/build/openjdk-8-fPix8r/openjdk-8-8u212-b03/src/hotspot/src/share/vm/runtime/sharedRuntime.cpp, line 605]
Event: 3.921 Thread 0x00007fe3f400d000 Implicit null exception at 0x00007fe3e527080d to 0x00007fe3e5270d7c
Event: 3.921 Thread 0x00007fe3f400d000 Exception <a 'java/lang/NullPointerException'> (0x00000000ecf2c898) thrown at [/build/openjdk-8-fPix8r/openjdk-8-8u212-b03/src/hotspot/src/share/vm/runtime/sharedRuntime.cpp, line 605]

Events (10 events):
Event: 4.363 loading class java/sql/Time done
Event: 4.363 loading class java/sql/Timestamp
Event: 4.363 loading class java/sql/Timestamp done
Event: 4.364 loading class com/mysql/jdbc/DatabaseMetaData
Event: 4.364 loading class com/mysql/jdbc/DatabaseMetaData done
Event: 4.367 loading class com/mysql/jdbc/DatabaseMetaDataUsingInfoSchema
Event: 4.367 loading class com/mysql/jdbc/DatabaseMetaDataUsingInfoSchema done
Event: 4.369 loading class com/mysql/jdbc/ResultSetRow
Event: 4.369 loading class com/mysql/jdbc/ResultSetRow done
Event: 4.371 Executing VM operation: CollectForMetadataAllocation


Dynamic libraries:
c2400000-c4d80000 rw-p 00000000 00:00 0 
c4d80000-eb700000 ---p 00000000 00:00 0 
eb700000-eff00000 rw-p 00000000 00:00 0 
f4100000-100000000 ---p 00000000 00:00 0 
100000000-1002a0000 rw-p 00000000 00:00 0 
1002a0000-140000000 ---p 00000000 00:00 0 
55c1172b3000-55c1172b4000 r-xp 00000000 fc:01 3109258                    /usr/lib/jvm/java-8-openjdk-amd64/jre/bin/java
55c1174b3000-55c1174b4000 r--p 00000000 fc:01 3109258                    /usr/lib/jvm/java-8-openjdk-amd64/jre/bin/java
55c1174b4000-55c1174b5000 rw-p 00001000 fc:01 3109258                    /usr/lib/jvm/java-8-openjdk-amd64/jre/bin/java
55c117a7b000-55c117a9c000 rw-p 00000000 00:00 0                          [heap]
7fe3b0000000-7fe3b0069000 rw-p 00000000 00:00 0 
7fe3b0069000-7fe3b4000000 ---p 00000000 00:00 0 
7fe3b6dcd000-7fe3b6df9000 rw-p 00000000 00:00 0 
7fe3b6df9000-7fe3b6fcd000 ---p 00000000 00:00 0 
7fe3b6fcd000-7fe3b71cd000 rw-p 00000000 00:00 0 
7fe3b71cd000-7fe3b73cd000 rw-p 00000000 00:00 0 
7fe3b73cd000-7fe3b75cd000 rw-p 00000000 00:00 0 
7fe3b75cd000-7fe3b75de000 r-xp 00000000 fc:01 3109297                    /usr/lib/jvm/java-8-openjdk-amd64/jre/lib/amd64/libnio.so
7fe3b75de000-7fe3b77dd000 ---p 00011000 fc:01 3109297                    /usr/lib/jvm/java-8-openjdk-amd64/jre/lib/amd64/libnio.so
7fe3b77dd000-7fe3b77de000 r--p 00010000 fc:01 3109297                    /usr/lib/jvm/java-8-openjdk-amd64/jre/lib/amd64/libnio.so
7fe3b77de000-7fe3b77df000 rw-p 00011000 fc:01 3109297                    /usr/lib/jvm/java-8-openjdk-amd64/jre/lib/amd64/libnio.so
7fe3b77df000-7fe3b79df000 rw-p 00000000 00:00 0 
7fe3b79df000-7fe3b79f5000 r-xp 00000000 fc:01 3109296                    /usr/lib/jvm/java-8-openjdk-amd64/jre/lib/amd64/libnet.so
7fe3b79f5000-7fe3b7bf4000 ---p 00016000 fc:01 3109296                    /usr/lib/jvm/java-8-openjdk-amd64/jre/lib/amd64/libnet.so
7fe3b7bf4000-7fe3b7bf5000 r--p 00015000 fc:01 3109296                    /usr/lib/jvm/java-8-openjdk-amd64/jre/lib/amd64/libnet.so
7fe3b7bf5000-7fe3b7bf6000 rw-p 00016000 fc:01 3109296                    /usr/lib/jvm/java-8-openjdk-amd64/jre/lib/amd64/libnet.so
7fe3b7bf6000-7fe3b7bff000 r-xp 00000000 fc:01 3109294                    /usr/lib/jvm/java-8-openjdk-amd64/jre/lib/amd64/libmanagement.so
7fe3b7bff000-7fe3b7dfe000 ---p 00009000 fc:01 3109294                    /usr/lib/jvm/java-8-openjdk-amd64/jre/lib/amd64/libmanagement.so
7fe3b7dfe000-7fe3b7dff000 r--p 00008000 fc:01 3109294                    /usr/lib/jvm/java-8-openjdk-amd64/jre/lib/amd64/libmanagement.so
7fe3b7dff000-7fe3b7e00000 rw-p 00009000 fc:01 3109294                    /usr/lib/jvm/java-8-openjdk-amd64/jre/lib/amd64/libmanagement.so
7fe3b7e00000-7fe3b8000000 rw-p 00000000 00:00 0 
7fe3b8000000-7fe3b8021000 rw-p 00000000 00:00 0 
7fe3b8021000-7fe3bc000000 ---p 00000000 00:00 0 
7fe3bc000000-7fe3bc021000 rw-p 00000000 00:00 0 
7fe3bc021000-7fe3c0000000 ---p 00000000 00:00 0 
7fe3c0000000-7fe3c0886000 rw-p 00000000 00:00 0 
7fe3c0886000-7fe3c4000000 ---p 00000000 00:00 0 
7fe3c4000000-7fe3c49e3000 rw-p 00000000 00:00 0 
7fe3c49e3000-7fe3c8000000 ---p 00000000 00:00 0 
7fe3c8000000-7fe3c8021000 rw-p 00000000 00:00 0 
7fe3c8021000-7fe3cc000000 ---p 00000000 00:00 0 
7fe3cc000000-7fe3cc021000 rw-p 00000000 00:00 0 
7fe3cc021000-7fe3d0000000 ---p 00000000 00:00 0 
7fe3d0000000-7fe3d0021000 rw-p 00000000 00:00 0 
7fe3d0021000-7fe3d4000000 ---p 00000000 00:00 0 
7fe3d4000000-7fe3d4021000 rw-p 00000000 00:00 0 
7fe3d4021000-7fe3d8000000 ---p 00000000 00:00 0 
7fe3d8000000-7fe3d8021000 rw-p 00000000 00:00 0 
7fe3d8021000-7fe3dc000000 ---p 00000000 00:00 0 
7fe3dc103000-7fe3dc108000 r--s 002f9000 fc:01 3109308                    /usr/lib/jvm/java-8-openjdk-amd64/jre/lib/charsets.jar
7fe3dc108000-7fe3dc10b000 ---p 00000000 00:00 0 
7fe3dc10b000-7fe3dc209000 rw-p 00000000 00:00 0 
7fe3dc209000-7fe3dc20a000 r--s 00005000 fc:01 4136072                    /root/.m2/repository/org/springframework/spring-jcl/5.1.5.RELEASE/spring-jcl-5.1.5.RELEASE.jar
7fe3dc20a000-7fe3dc223000 r--s 00123000 fc:01 3878258                    /root/.m2/repository/org/springframework/spring-core/5.1.5.RELEASE/spring-core-5.1.5.RELEASE.jar
7fe3dc223000-7fe3dc22a000 r--s 00043000 fc:01 4135249                    /root/.m2/repository/org/yaml/snakeyaml/1.23/snakeyaml-1.23.jar
7fe3dc22a000-7fe3dc22c000 r--s 00005000 fc:01 4135243                    /root/.m2/repository/javax/annotation/javax.annotation-api/1.3.2/javax.annotation-api-1.3.2.jar
7fe3dc22c000-7fe3dc22e000 r--s 00000000 fc:01 2861087                    /root/.m2/repository/org/slf4j/jul-to-slf4j/1.7.25/jul-to-slf4j-1.7.25.jar
7fe3dc22e000-7fe3dc234000 r--s 0003c000 fc:01 4135246                    /root/.m2/repository/org/apache/logging/log4j/log4j-api/2.11.2/log4j-api-2.11.2.jar
7fe3dc234000-7fe3dc236000 r--s 00003000 fc:01 4135244                    /root/.m2/repository/org/apache/logging/log4j/log4j-to-slf4j/2.11.2/log4j-to-slf4j-2.11.2.jar
7fe3dc236000-7fe3dc241000 r--s 00069000 fc:01 3622890                    /root/.m2/repository/ch/qos/logback/logback-core/1.2.3/logback-core-1.2.3.jar
7fe3dc241000-7fe3dc247000 r--s 00041000 fc:01 2861077                    /root/.m2/repository/ch/qos/logback/logback-classic/1.2.3/logback-classic-1.2.3.jar
7fe3dc247000-7fe3dc248000 r--s 00000000 fc:01 4136024                    /root/.m2/repository/org/springframework/boot/spring-boot-starter-logging/2.1.3.RELEASE/spring-boot-starter-logging-2.1.3.RELEASE.jar
7fe3dc248000-7fe3dc26c000 r--s 00110000 fc:01 4135645                    /root/.m2/repository/org/springframework/boot/spring-boot-autoconfigure/2.1.3.RELEASE/spring-boot-autoconfigure-2.1.3.RELEASE.jar
7fe3dc26c000-7fe3dc281000 r--s 000d3000 fc:01 4136022                    /root/.m2/repository/org/springframework/boot/spring-boot/2.1.3.RELEASE/spring-boot-2.1.3.RELEASE.jar
7fe3dc281000-7fe3dc282000 r--s 00000000 fc:01 4136020                    /root/.m2/repository/org/springframework/boot/spring-boot-starter/2.1.3.RELEASE/spring-boot-starter-2.1.3.RELEASE.jar
7fe3dc282000-7fe3dc28b000 r--s 000e4000 fc:01 4128919                    /root/.m2/repository/mysql/mysql-connector-java/5.1.35/mysql-connector-java-5.1.35.jar
7fe3dc28b000-7fe3dc28d000 r--s 0000a000 fc:01 4136028                    /root/.m2/repository/org/springframework/spring-aspects/5.1.5.RELEASE/spring-aspects-5.1.5.RELEASE.jar
7fe3dc28d000-7fe3dc28f000 r--s 00009000 fc:01 1819615                    /root/.m2/repository/org/slf4j/slf4j-api/1.7.25/slf4j-api-1.7.25.jar
7fe3dc28f000-7fe3dc29c000 r--s 00098000 fc:01 3878245                    /root/.m2/repository/org/springframework/spring-beans/5.1.5.RELEASE/spring-beans-5.1.5.RELEASE.jar
7fe3dc29c000-7fe3dc2a4000 r--s 00037000 fc:01 4136012                    /root/.m2/repository/org/springframework/spring-tx/5.1.5.RELEASE/spring-tx-5.1.5.RELEASE.jar
7fe3dc2a4000-7fe3dc2a9000 r--s 00040000 fc:01 4136018                    /root/.m2/repository/org/springframework/spring-expression/5.1.5.RELEASE/spring-expression-5.1.5.RELEASE.jar
7fe3dc2a9000-7fe3dc2c3000 r--s 000f3000 fc:01 3878256                    /root/.m2/repository/org/springframework/spring-context/5.1.5.RELEASE/spring-context-5.1.5.RELEASE.jar
7fe3dc2c3000-7fe3dc2c7000 r--s 0002d000 fc:01 4136007                    /root/.m2/repository/org/springframework/spring-orm/5.1.5.RELEASE/spring-orm-5.1.5.RELEASE.jar
7fe3dc2c7000-7fe3dc2df000 r--s 00105000 fc:01 4136006                    /root/.m2/repository/org/springframework/data/spring-data-commons/2.1.5.RELEASE/spring-data-commons-2.1.5.RELEASE.jar
7fe3dc2df000-7fe3dc2e6000 r--s 0004e000 fc:01 4135941                    /root/.m2/repository/org/springframework/data/spring-data-jpa/2.1.5.RELEASE/spring-data-jpa-2.1.5.RELEASE.jar
7fe3dc2e6000-7fe3dc2e9000 r--s 00010000 fc:01 3622888                    /root/.m2/repository/org/hibernate/common/hibernate-commons-annotations/5.0.4.Final/hibernate-commons-annotations-5.0.4.Final.jar
7fe3dc2e9000-7fe3dc2ee000 r--s 0004b000 fc:01 4135578                    /root/.m2/repository/org/dom4j/dom4j/2.1.1/dom4j-2.1.1.jar
7fe3dc2ee000-7fe3dc2f0000 r--s 0000f000 fc:01 4135598                    /root/.m2/repository/com/fasterxml/classmate/1.4.0/classmate-1.4.0.jar
7fe3dc2f0000-7fe3dc2f3000 r--s 0002b000 fc:01 3365127                    /root/.m2/repository/org/jboss/jandex/2.0.5.Final/jandex-2.0.5.Final.jar
7fe3dc2f3000-7fe3dc2f8000 r--s 00068000 fc:01 3365052                    /root/.m2/repository/antlr/antlr/2.7.7/antlr-2.7.7.jar
7fe3dc2f8000-7fe3dc33f000 r--s 002d9000 fc:01 4136001                    /root/.m2/repository/net/bytebuddy/byte-buddy/1.9.10/byte-buddy-1.9.10.jar
7fe3dc33f000-7fe3dc34a000 r--s 000b2000 fc:01 3365147                    /root/.m2/repository/org/javassist/javassist/3.23.1-GA/javassist-3.23.1-GA.jar
7fe3dc34a000-7fe3dc350000 r--s 00023000 fc:01 4135589                    /root/.m2/repository/javax/persistence/javax.persistence-api/2.2/javax.persistence-api-2.2.jar
7fe3dc350000-7fe3dc352000 r--s 0000f000 fc:01 2342949                    /root/.m2/repository/org/jboss/logging/jboss-logging/3.3.2.Final/jboss-logging-3.3.2.Final.jar
7fe3dc352000-7fe3dc3d5000 r--s 00624000 fc:01 2075778                    /root/.m2/repository/org/hibernate/hibernate-core/5.3.7.Final/hibernate-core-5.3.7.Final.jar
7fe3dc3d5000-7fe3dc3d7000 r--s 0000c000 fc:01 4135571                    /root/.m2/repository/javax/activation/javax.activation-api/1.2.0/javax.activation-api-1.2.0.jar
7fe3dc3d7000-7fe3dc3db000 r--s 0001c000 fc:01 4135568                    /root/.m2/repository/javax/xml/bind/jaxb-api/2.3.1/jaxb-api-2.3.1.jar
7fe3dc3db000-7fe3dc3dc000 r--s 00006000 fc:01 4135567                    /root/.m2/repository/javax/transaction/javax.transaction-api/1.3/javax.transaction-api-1.3.jar
7fe3dc3dc000-7fe3dc3e5000 r--s 0005a000 fc:01 3878250                    /root/.m2/repository/org/springframework/spring-jdbc/5.1.5.RELEASE/spring-jdbc-5.1.5.RELEASE.jar
7fe3dc3e5000-7fe3dc3e9000 r--s 00020000 fc:01 4135564                    /root/.m2/repository/com/zaxxer/HikariCP/3.2.0/HikariCP-3.2.0.jar
7fe3dc3e9000-7fe3dc3ea000 r--s 00000000 fc:01 4136000                    /root/.m2/repository/org/springframework/boot/spring-boot-starter-jdbc/2.1.3.RELEASE/spring-boot-starter-jdbc-2.1.3.RELEASE.jar
7fe3dc3ea000-7fe3dc403000 r--s 001de000 fc:01 4135997                    /root/.m2/repository/org/aspectj/aspectjweaver/1.9.2/aspectjweaver-1.9.2.jar
7fe3dc403000-7fe3dc40d000 r--s 00051000 fc:01 3878247                    /root/.m2/repository/org/springframework/spring-aop/5.1.5.RELEASE/spring-aop-5.1.5.RELEASE.jar
7fe3dc40d000-7fe3dc40e000 r--s 00000000 fc:01 4135995                    /root/.m2/repository/org/springframework/boot/spring-boot-starter-aop/2.1.3.RELEASE/spring-boot-starter-aop-2.1.3.RELEASE.jar
7fe3dc40e000-7fe3dc40f000 r--s 00000000 fc:01 4135992                    /root/.m2/repository/org/springframework/boot/spring-boot-starter-data-jpa/2.1.3.RELEASE/spring-boot-starter-data-jpa-2.1.3.RELEASE.jar
7fe3dc40f000-7fe3dc411000 r--s 00001000 fc:01 3109319                    /usr/lib/jvm/java-8-openjdk-amd64/jre/lib/ext/dnsns.jar
7fe3dc411000-7fe3dc413000 r--s 00008000 fc:01 3109324                    /usr/lib/jvm/java-8-openjdk-amd64/jre/lib/ext/sunec.jar
7fe3dc413000-7fe3dc418000 r--s 0003c000 fc:01 3109325                    /usr/lib/jvm/java-8-openjdk-amd64/jre/lib/ext/sunjce_provider.jar
7fe3dc418000-7fe3dc433000 r--s 001d6000 fc:01 3109323                    /usr/lib/jvm/java-8-openjdk-amd64/jre/lib/ext/nashorn.jar
7fe3dc433000-7fe3dc434000 ---p 00000000 00:00 0 
7fe3dc434000-7fe3dc534000 rw-p 00000000 00:00 0 
7fe3dc534000-7fe3dc537000 ---p 00000000 00:00 0 
7fe3dc537000-7fe3dc635000 rw-p 00000000 00:00 0 
7fe3dc635000-7fe3dc636000 ---p 00000000 00:00 0 
7fe3dc636000-7fe3dc639000 ---p 00000000 00:00 0 
7fe3dc639000-7fe3dc736000 rw-p 00000000 00:00 0 
7fe3dc736000-7fe3dc737000 ---p 00000000 00:00 0 
7fe3dc737000-7fe3dc73a000 ---p 00000000 00:00 0 
7fe3dc73a000-7fe3dc837000 rw-p 00000000 00:00 0 
7fe3dc837000-7fe3dc83a000 ---p 00000000 00:00 0 
7fe3dc83a000-7fe3dc938000 rw-p 00000000 00:00 0 
7fe3dc938000-7fe3dcaab000 r--p 00000000 fc:01 7808                       /usr/lib/locale/C.UTF-8/LC_COLLATE
7fe3dcaab000-7fe3dcc46000 r--p 00000000 fc:01 7803                       /usr/lib/locale/locale-archive
7fe3dcc46000-7fe3dcc49000 ---p 00000000 00:00 0 
7fe3dcc49000-7fe3dcd47000 rw-p 00000000 00:00 0 
7fe3dcd47000-7fe3dcd4a000 ---p 00000000 00:00 0 
7fe3dcd4a000-7fe3dce48000 rw-p 00000000 00:00 0 
7fe3dce48000-7fe3dce49000 ---p 00000000 00:00 0 
7fe3dce49000-7fe3dd751000 rw-p 00000000 00:00 0 
7fe3dd751000-7fe3dd920000 r--s 03c3b000 fc:01 3109347                    /usr/lib/jvm/java-8-openjdk-amd64/jre/lib/rt.jar
7fe3dd920000-7fe3e0000000 rw-p 00000000 00:00 0 
7fe3e0000000-7fe3e0021000 rw-p 00000000 00:00 0 
7fe3e0021000-7fe3e4000000 ---p 00000000 00:00 0 
7fe3e4000000-7fe3e4001000 r--s 00010000 fc:01 3109327                    /usr/lib/jvm/java-8-openjdk-amd64/jre/lib/ext/zipfs.jar
7fe3e4001000-7fe3e400b000 r--s 00116000 fc:01 3109322                    /usr/lib/jvm/java-8-openjdk-amd64/jre/lib/ext/localedata.jar
7fe3e400b000-7fe3e400c000 r--s 0000a000 fc:01 3109321                    /usr/lib/jvm/java-8-openjdk-amd64/jre/lib/ext/jaccess.jar
7fe3e400c000-7fe3e400e000 r--s 00007000 fc:01 79404                      /usr/share/java/java-atk-wrapper.jar
7fe3e400e000-7fe3e4029000 r--s 00394000 fc:01 3109318                    /usr/lib/jvm/java-8-openjdk-amd64/jre/lib/ext/cldrdata.jar
7fe3e4029000-7fe3e402c000 r--s 00039000 fc:01 3109326                    /usr/lib/jvm/java-8-openjdk-amd64/jre/lib/ext/sunpkcs11.jar
7fe3e402c000-7fe3e402f000 r--s 0000f000 fc:01 3109320                    /usr/lib/jvm/java-8-openjdk-amd64/jre/lib/ext/icedtea-sound.jar
7fe3e402f000-7fe3e4060000 r--p 00000000 fc:01 7809                       /usr/lib/locale/C.UTF-8/LC_CTYPE
7fe3e4060000-7fe3e4061000 r--p 00000000 fc:01 7814                       /usr/lib/locale/C.UTF-8/LC_NUMERIC
7fe3e4061000-7fe3e4062000 r--p 00000000 fc:01 7817                       /usr/lib/locale/C.UTF-8/LC_TIME
7fe3e4062000-7fe3e4063000 r--p 00000000 fc:01 7812                       /usr/lib/locale/C.UTF-8/LC_MONETARY
7fe3e4063000-7fe3e4064000 r--p 00000000 fc:01 7806                       /usr/lib/locale/C.UTF-8/LC_MESSAGES/SYS_LC_MESSAGES
7fe3e4064000-7fe3e4065000 r--p 00000000 fc:01 7815                       /usr/lib/locale/C.UTF-8/LC_PAPER
7fe3e4065000-7fe3e43eb000 rw-p 00000000 00:00 0 
7fe3e43eb000-7fe3e43ec000 ---p 00000000 00:00 0 
7fe3e43ec000-7fe3e4501000 rw-p 00000000 00:00 0 
7fe3e4501000-7fe3e4636000 ---p 00000000 00:00 0 
7fe3e4636000-7fe3e464b000 rw-p 00000000 00:00 0 
7fe3e464b000-7fe3e477f000 ---p 00000000 00:00 0 
7fe3e477f000-7fe3e47a4000 rw-p 00000000 00:00 0 
7fe3e47a4000-7fe3e4824000 ---p 00000000 00:00 0 
7fe3e4824000-7fe3e4843000 rw-p 00000000 00:00 0 
7fe3e4843000-7fe3e4be5000 ---p 00000000 00:00 0 
7fe3e4be5000-7fe3e5335000 rwxp 00000000 00:00 0 
7fe3e5335000-7fe3f3be5000 ---p 00000000 00:00 0 
7fe3f3be5000-7fe3f3bed000 r-xp 00000000 fc:01 3109304                    /usr/lib/jvm/java-8-openjdk-amd64/jre/lib/amd64/libzip.so
7fe3f3bed000-7fe3f3dec000 ---p 00008000 fc:01 3109304                    /usr/lib/jvm/java-8-openjdk-amd64/jre/lib/amd64/libzip.so
7fe3f3dec000-7fe3f3ded000 r--p 00007000 fc:01 3109304                    /usr/lib/jvm/java-8-openjdk-amd64/jre/lib/amd64/libzip.so
7fe3f3ded000-7fe3f3dee000 rw-p 00008000 fc:01 3109304                    /usr/lib/jvm/java-8-openjdk-amd64/jre/lib/amd64/libzip.so
7fe3f3dee000-7fe3f3df9000 r-xp 00000000 fc:01 2095                       /lib/x86_64-linux-gnu/libnss_files-2.27.so
7fe3f3df9000-7fe3f3ff8000 ---p 0000b000 fc:01 2095                       /lib/x86_64-linux-gnu/libnss_files-2.27.so
7fe3f3ff8000-7fe3f3ff9000 r--p 0000a000 fc:01 2095                       /lib/x86_64-linux-gnu/libnss_files-2.27.so
7fe3f3ff9000-7fe3f3ffa000 rw-p 0000b000 fc:01 2095                       /lib/x86_64-linux-gnu/libnss_files-2.27.so
7fe3f3ffa000-7fe3f4000000 rw-p 00000000 00:00 0 
7fe3f4000000-7fe3f4ac6000 rw-p 00000000 00:00 0 
7fe3f4ac6000-7fe3f8000000 ---p 00000000 00:00 0 
7fe3f8000000-7fe3f8042000 rw-p 00000000 00:00 0 
7fe3f8042000-7fe3f8043000 ---p 00000000 00:00 0 
7fe3f8043000-7fe3f8143000 rw-p 00000000 00:00 0 
7fe3f8143000-7fe3f815a000 r-xp 00000000 fc:01 2092                       /lib/x86_64-linux-gnu/libnsl-2.27.so
7fe3f815a000-7fe3f8359000 ---p 00017000 fc:01 2092                       /lib/x86_64-linux-gnu/libnsl-2.27.so
7fe3f8359000-7fe3f835a000 r--p 00016000 fc:01 2092                       /lib/x86_64-linux-gnu/libnsl-2.27.so
7fe3f835a000-7fe3f835b000 rw-p 00017000 fc:01 2092                       /lib/x86_64-linux-gnu/libnsl-2.27.so
7fe3f835b000-7fe3f835d000 rw-p 00000000 00:00 0 
7fe3f835d000-7fe3f8368000 r-xp 00000000 fc:01 2097                       /lib/x86_64-linux-gnu/libnss_nis-2.27.so
7fe3f8368000-7fe3f8567000 ---p 0000b000 fc:01 2097                       /lib/x86_64-linux-gnu/libnss_nis-2.27.so
7fe3f8567000-7fe3f8568000 r--p 0000a000 fc:01 2097                       /lib/x86_64-linux-gnu/libnss_nis-2.27.so
7fe3f8568000-7fe3f8569000 rw-p 0000b000 fc:01 2097                       /lib/x86_64-linux-gnu/libnss_nis-2.27.so
7fe3f8569000-7fe3f8571000 r-xp 00000000 fc:01 2093                       /lib/x86_64-linux-gnu/libnss_compat-2.27.so
7fe3f8571000-7fe3f8771000 ---p 00008000 fc:01 2093                       /lib/x86_64-linux-gnu/libnss_compat-2.27.so
7fe3f8771000-7fe3f8772000 r--p 00008000 fc:01 2093                       /lib/x86_64-linux-gnu/libnss_compat-2.27.so
7fe3f8772000-7fe3f8773000 rw-p 00009000 fc:01 2093                       /lib/x86_64-linux-gnu/libnss_compat-2.27.so
7fe3f8773000-7fe3f879f000 r-xp 00000000 fc:01 3109285                    /usr/lib/jvm/java-8-openjdk-amd64/jre/lib/amd64/libjava.so
7fe3f879f000-7fe3f899e000 ---p 0002c000 fc:01 3109285                    /usr/lib/jvm/java-8-openjdk-amd64/jre/lib/amd64/libjava.so
7fe3f899e000-7fe3f899f000 r--p 0002b000 fc:01 3109285                    /usr/lib/jvm/java-8-openjdk-amd64/jre/lib/amd64/libjava.so
7fe3f899f000-7fe3f89a1000 rw-p 0002c000 fc:01 3109285                    /usr/lib/jvm/java-8-openjdk-amd64/jre/lib/amd64/libjava.so
7fe3f89a1000-7fe3f89b1000 r-xp 00000000 fc:01 3109303                    /usr/lib/jvm/java-8-openjdk-amd64/jre/lib/amd64/libverify.so
7fe3f89b1000-7fe3f8bb0000 ---p 00010000 fc:01 3109303                    /usr/lib/jvm/java-8-openjdk-amd64/jre/lib/amd64/libverify.so
7fe3f8bb0000-7fe3f8bb2000 r--p 0000f000 fc:01 3109303                    /usr/lib/jvm/java-8-openjdk-amd64/jre/lib/amd64/libverify.so
7fe3f8bb2000-7fe3f8bb3000 rw-p 00011000 fc:01 3109303                    /usr/lib/jvm/java-8-openjdk-amd64/jre/lib/amd64/libverify.so
7fe3f8bb3000-7fe3f8bba000 r-xp 00000000 fc:01 2181                       /lib/x86_64-linux-gnu/librt-2.27.so
7fe3f8bba000-7fe3f8db9000 ---p 00007000 fc:01 2181                       /lib/x86_64-linux-gnu/librt-2.27.so
7fe3f8db9000-7fe3f8dba000 r--p 00006000 fc:01 2181                       /lib/x86_64-linux-gnu/librt-2.27.so
7fe3f8dba000-7fe3f8dbb000 rw-p 00007000 fc:01 2181                       /lib/x86_64-linux-gnu/librt-2.27.so
7fe3f8dbb000-7fe3f8dd2000 r-xp 00000000 fc:01 2098                       /lib/x86_64-linux-gnu/libgcc_s.so.1
7fe3f8dd2000-7fe3f8fd1000 ---p 00017000 fc:01 2098                       /lib/x86_64-linux-gnu/libgcc_s.so.1
7fe3f8fd1000-7fe3f8fd2000 r--p 00016000 fc:01 2098                       /lib/x86_64-linux-gnu/libgcc_s.so.1
7fe3f8fd2000-7fe3f8fd3000 rw-p 00017000 fc:01 2098                       /lib/x86_64-linux-gnu/libgcc_s.so.1
7fe3f8fd3000-7fe3f9170000 r-xp 00000000 fc:01 2089                       /lib/x86_64-linux-gnu/libm-2.27.so
7fe3f9170000-7fe3f936f000 ---p 0019d000 fc:01 2089                       /lib/x86_64-linux-gnu/libm-2.27.so
7fe3f936f000-7fe3f9370000 r--p 0019c000 fc:01 2089                       /lib/x86_64-linux-gnu/libm-2.27.so
7fe3f9370000-7fe3f9371000 rw-p 0019d000 fc:01 2089                       /lib/x86_64-linux-gnu/libm-2.27.so
7fe3f9371000-7fe3f94ea000 r-xp 00000000 fc:01 5026                       /usr/lib/x86_64-linux-gnu/libstdc++.so.6.0.25
7fe3f94ea000-7fe3f96ea000 ---p 00179000 fc:01 5026                       /usr/lib/x86_64-linux-gnu/libstdc++.so.6.0.25
7fe3f96ea000-7fe3f96f4000 r--p 00179000 fc:01 5026                       /usr/lib/x86_64-linux-gnu/libstdc++.so.6.0.25
7fe3f96f4000-7fe3f96f6000 rw-p 00183000 fc:01 5026                       /usr/lib/x86_64-linux-gnu/libstdc++.so.6.0.25
7fe3f96f6000-7fe3f96fa000 rw-p 00000000 00:00 0 
7fe3f96fa000-7fe3fa397000 r-xp 00000000 fc:01 3109307                    /usr/lib/jvm/java-8-openjdk-amd64/jre/lib/amd64/server/libjvm.so
7fe3fa397000-7fe3fa596000 ---p 00c9d000 fc:01 3109307                    /usr/lib/jvm/java-8-openjdk-amd64/jre/lib/amd64/server/libjvm.so
7fe3fa596000-7fe3fa62a000 r--p 00c9c000 fc:01 3109307                    /usr/lib/jvm/java-8-openjdk-amd64/jre/lib/amd64/server/libjvm.so
7fe3fa62a000-7fe3fa653000 rw-p 00d30000 fc:01 3109307                    /usr/lib/jvm/java-8-openjdk-amd64/jre/lib/amd64/server/libjvm.so
7fe3fa653000-7fe3fa683000 rw-p 00000000 00:00 0 
7fe3fa683000-7fe3fa69d000 r-xp 00000000 fc:01 2179                       /lib/x86_64-linux-gnu/libpthread-2.27.so
7fe3fa69d000-7fe3fa89c000 ---p 0001a000 fc:01 2179                       /lib/x86_64-linux-gnu/libpthread-2.27.so
7fe3fa89c000-7fe3fa89d000 r--p 00019000 fc:01 2179                       /lib/x86_64-linux-gnu/libpthread-2.27.so
7fe3fa89d000-7fe3fa89e000 rw-p 0001a000 fc:01 2179                       /lib/x86_64-linux-gnu/libpthread-2.27.so
7fe3fa89e000-7fe3fa8a2000 rw-p 00000000 00:00 0 
7fe3fa8a2000-7fe3fa8a5000 r-xp 00000000 fc:01 2088                       /lib/x86_64-linux-gnu/libdl-2.27.so
7fe3fa8a5000-7fe3faaa4000 ---p 00003000 fc:01 2088                       /lib/x86_64-linux-gnu/libdl-2.27.so
7fe3faaa4000-7fe3faaa5000 r--p 00002000 fc:01 2088                       /lib/x86_64-linux-gnu/libdl-2.27.so
7fe3faaa5000-7fe3faaa6000 rw-p 00003000 fc:01 2088                       /lib/x86_64-linux-gnu/libdl-2.27.so
7fe3faaa6000-7fe3faac2000 r-xp 00000000 fc:01 2184                       /lib/x86_64-linux-gnu/libz.so.1.2.11
7fe3faac2000-7fe3facc1000 ---p 0001c000 fc:01 2184                       /lib/x86_64-linux-gnu/libz.so.1.2.11
7fe3facc1000-7fe3facc2000 r--p 0001b000 fc:01 2184                       /lib/x86_64-linux-gnu/libz.so.1.2.11
7fe3facc2000-7fe3facc3000 rw-p 0001c000 fc:01 2184                       /lib/x86_64-linux-gnu/libz.so.1.2.11
7fe3facc3000-7fe3faeaa000 r-xp 00000000 fc:01 2085                       /lib/x86_64-linux-gnu/libc-2.27.so
7fe3faeaa000-7fe3fb0aa000 ---p 001e7000 fc:01 2085                       /lib/x86_64-linux-gnu/libc-2.27.so
7fe3fb0aa000-7fe3fb0ae000 r--p 001e7000 fc:01 2085                       /lib/x86_64-linux-gnu/libc-2.27.so
7fe3fb0ae000-7fe3fb0b0000 rw-p 001eb000 fc:01 2085                       /lib/x86_64-linux-gnu/libc-2.27.so
7fe3fb0b0000-7fe3fb0b4000 rw-p 00000000 00:00 0 
7fe3fb0b4000-7fe3fb0c2000 r-xp 00000000 fc:01 3109271                    /usr/lib/jvm/java-8-openjdk-amd64/jre/lib/amd64/jli/libjli.so
7fe3fb0c2000-7fe3fb2c1000 ---p 0000e000 fc:01 3109271                    /usr/lib/jvm/java-8-openjdk-amd64/jre/lib/amd64/jli/libjli.so
7fe3fb2c1000-7fe3fb2c2000 r--p 0000d000 fc:01 3109271                    /usr/lib/jvm/java-8-openjdk-amd64/jre/lib/amd64/jli/libjli.so
7fe3fb2c2000-7fe3fb2c3000 rw-p 0000e000 fc:01 3109271                    /usr/lib/jvm/java-8-openjdk-amd64/jre/lib/amd64/jli/libjli.so
7fe3fb2c3000-7fe3fb2ea000 r-xp 00000000 fc:01 2081                       /lib/x86_64-linux-gnu/ld-2.27.so
7fe3fb2ea000-7fe3fb2eb000 r--p 00000000 fc:01 7813                       /usr/lib/locale/C.UTF-8/LC_NAME
7fe3fb2eb000-7fe3fb2ec000 r--p 00000000 fc:01 7807                       /usr/lib/locale/C.UTF-8/LC_ADDRESS
7fe3fb2ec000-7fe3fb3d1000 rw-p 00000000 00:00 0 
7fe3fb3d1000-7fe3fb3d2000 ---p 00000000 00:00 0 
7fe3fb3d2000-7fe3fb3d5000 ---p 00000000 00:00 0 
7fe3fb3d5000-7fe3fb4d4000 rw-p 00000000 00:00 0 
7fe3fb4d4000-7fe3fb4d5000 r--p 00000000 fc:01 7816                       /usr/lib/locale/C.UTF-8/LC_TELEPHONE
7fe3fb4d5000-7fe3fb4d6000 r--p 00000000 fc:01 7811                       /usr/lib/locale/C.UTF-8/LC_MEASUREMENT
7fe3fb4d6000-7fe3fb4dd000 r--s 00000000 fc:01 5019                       /usr/lib/x86_64-linux-gnu/gconv/gconv-modules.cache
7fe3fb4dd000-7fe3fb4de000 r--p 00000000 fc:01 7810                       /usr/lib/locale/C.UTF-8/LC_IDENTIFICATION
7fe3fb4de000-7fe3fb4e6000 rw-s 00000000 fc:01 784350                     /tmp/hsperfdata_root/11442
7fe3fb4e6000-7fe3fb4e7000 rw-p 00000000 00:00 0 
7fe3fb4e7000-7fe3fb4e8000 ---p 00000000 00:00 0 
7fe3fb4e8000-7fe3fb4ea000 rw-p 00000000 00:00 0 
7fe3fb4ea000-7fe3fb4eb000 r--p 00027000 fc:01 2081                       /lib/x86_64-linux-gnu/ld-2.27.so
7fe3fb4eb000-7fe3fb4ec000 rw-p 00028000 fc:01 2081                       /lib/x86_64-linux-gnu/ld-2.27.so
7fe3fb4ec000-7fe3fb4ed000 rw-p 00000000 00:00 0 
7ffc8061b000-7ffc8063d000 rw-p 00000000 00:00 0                          [stack]
7ffc806e8000-7ffc806eb000 r--p 00000000 00:00 0                          [vvar]
7ffc806eb000-7ffc806ed000 r-xp 00000000 00:00 0                          [vdso]
ffffffffff600000-ffffffffff601000 r-xp 00000000 00:00 0                  [vsyscall]

VM Arguments:
jvm_args: -Dfile.encoding=UTF-8 
java_command: com.visa.training.bootproject.BootprojectApplication
java_class_path (initial): /root/bootproject/target/classes:/root/.m2/repository/org/springframework/boot/spring-boot-starter-data-jpa/2.1.3.RELEASE/spring-boot-starter-data-jpa-2.1.3.RELEASE.jar:/root/.m2/repository/org/springframework/boot/spring-boot-starter-aop/2.1.3.RELEASE/spring-boot-starter-aop-2.1.3.RELEASE.jar:/root/.m2/repository/org/springframework/spring-aop/5.1.5.RELEASE/spring-aop-5.1.5.RELEASE.jar:/root/.m2/repository/org/aspectj/aspectjweaver/1.9.2/aspectjweaver-1.9.2.jar:/root/.m2/repository/org/springframework/boot/spring-boot-starter-jdbc/2.1.3.RELEASE/spring-boot-starter-jdbc-2.1.3.RELEASE.jar:/root/.m2/repository/com/zaxxer/HikariCP/3.2.0/HikariCP-3.2.0.jar:/root/.m2/repository/org/springframework/spring-jdbc/5.1.5.RELEASE/spring-jdbc-5.1.5.RELEASE.jar:/root/.m2/repository/javax/transaction/javax.transaction-api/1.3/javax.transaction-api-1.3.jar:/root/.m2/repository/javax/xml/bind/jaxb-api/2.3.1/jaxb-api-2.3.1.jar:/root/.m2/repository/javax/activation/javax.activation-api/1.2.0/javax.activation-api-1.2.0.jar:/root/.m2/repository/org/hibernate/hibernate-core/5.3.7.Final/hibernate-core-5.3.7.Final.jar:/root/.m2/repository/org/jboss/logging/jboss-logging/3.3.2.Final/jboss-logging-3.3.2.Final.jar:/root/.m2/repository/javax/persistence/javax.persistence-api/2.2/javax.persistence-api-2.2.jar:/root/.m2/repository/org/javassist/javassist/3.23.1-GA/javassist-3.23.1-GA.jar:/root/.m2/repository/net/bytebuddy/byte-buddy/1.9.10/byte-buddy-1.9.10.jar:/root/.m2/repository/antlr/antlr/2.7.7/antlr-2.7.7.jar:/root/.m2/repository/org/jboss/jandex/2.0.5.Final/jandex-2.0.5.Final.jar:/root/.m2/repository/com/fasterxml/classmate/1.4.0/classmate-1.4.0.jar:/root/.m2/repository/org/dom4j/dom4j/2.1.1/dom4j-2.1.1.jar:/root/.m2/repository/org/hibernate/common/hibernate-commons-annotations/5.0.4.Final/hibernate-commons-annotations-5.0.4.Final.jar:/root/.m2/repository/org/springframework/data/spring-data-jpa/2.1.5.RELEASE/spring-data-jpa-2.1.5.RELEASE.jar:/root/.m2/reposit
Launcher Type: SUN_STANDARD

Environment Variables:
PATH=/usr/local/sbin:/usr/local/bin:/usr/sbin:/usr/bin:/sbin:/bin
SHELL=/bin/sh
DISPLAY=:20.0

Signal Handlers:
SIGSEGV: [libjvm.so+0xab5000], sa_mask[0]=11111111011111111101111111111110, sa_flags=SA_RESTART|SA_SIGINFO
SIGBUS: [libjvm.so+0xab5000], sa_mask[0]=11111111011111111101111111111110, sa_flags=SA_RESTART|SA_SIGINFO
SIGFPE: [libjvm.so+0x8ea970], sa_mask[0]=11111111011111111101111111111110, sa_flags=SA_RESTART|SA_SIGINFO
SIGPIPE: [libjvm.so+0x8ea970], sa_mask[0]=11111111011111111101111111111110, sa_flags=SA_RESTART|SA_SIGINFO
SIGXFSZ: [libjvm.so+0x8ea970], sa_mask[0]=11111111011111111101111111111110, sa_flags=SA_RESTART|SA_SIGINFO
SIGILL: [libjvm.so+0x8ea970], sa_mask[0]=11111111011111111101111111111110, sa_flags=SA_RESTART|SA_SIGINFO
SIGUSR1: SIG_DFL, sa_mask[0]=00000000000000000000000000000000, sa_flags=none
SIGUSR2: [libjvm.so+0x8ea820], sa_mask[0]=00100000000000000000000000000000, sa_flags=SA_RESTART|SA_SIGINFO
SIGHUP: [libjvm.so+0x8eae90], sa_mask[0]=11111111011111111101111111111110, sa_flags=SA_RESTART|SA_SIGINFO
SIGINT: [libjvm.so+0x8eae90], sa_mask[0]=11111111011111111101111111111110, sa_flags=SA_RESTART|SA_SIGINFO
SIGTERM: [libjvm.so+0x8eae90], sa_mask[0]=11111111011111111101111111111110, sa_flags=SA_RESTART|SA_SIGINFO
SIGQUIT: [libjvm.so+0x8eae90], sa_mask[0]=11111111011111111101111111111110, sa_flags=SA_RESTART|SA_SIGINFO


---------------  S Y S T E M  ---------------

OS:DISTRIB_ID=Ubuntu
DISTRIB_RELEASE=18.04
DISTRIB_CODENAME=bionic
DISTRIB_DESCRIPTION="Ubuntu 18.04.2 LTS"

uname:Linux 4.15.0-54-generic #58-Ubuntu SMP Mon Jun 24 10:55:24 UTC 2019 x86_64
libc:glibc 2.27 NPTL 2.27 
rlimit: STACK 8192k, CORE 0k, NPROC 15678, NOFILE 4096, AS infinity
load average:0.82 0.56 0.39

/proc/meminfo:
MemTotal:        4039568 kB
MemFree:          107224 kB
MemAvailable:      24100 kB
Buffers:            1068 kB
Cached:            88988 kB
SwapCached:            0 kB
Active:          3704488 kB
Inactive:          65768 kB
Active(anon):    3681320 kB
Inactive(anon):    48500 kB
Active(file):      23168 kB
Inactive(file):    17268 kB
Unevictable:          32 kB
Mlocked:              32 kB
SwapTotal:             0 kB
SwapFree:              0 kB
Dirty:                52 kB
Writeback:             0 kB
AnonPages:       3680408 kB
Mapped:            59340 kB
Shmem:             49472 kB
Slab:              81892 kB
SReclaimable:      30628 kB
SUnreclaim:        51264 kB
KernelStack:        9888 kB
PageTables:        40208 kB
NFS_Unstable:          0 kB
Bounce:                0 kB
WritebackTmp:          0 kB
CommitLimit:     2019784 kB
Committed_AS:    7077244 kB
VmallocTotal:   34359738367 kB
VmallocUsed:           0 kB
VmallocChunk:          0 kB
HardwareCorrupted:     0 kB
AnonHugePages:         0 kB
ShmemHugePages:        0 kB
ShmemPmdMapped:        0 kB
CmaTotal:              0 kB
CmaFree:               0 kB
HugePages_Total:       0
HugePages_Free:        0
HugePages_Rsvd:        0
HugePages_Surp:        0
Hugepagesize:       2048 kB
DirectMap4k:      141292 kB
DirectMap2M:     4052992 kB
DirectMap1G:           0 kB

container (cgroup) information:
container_type: cgroupv1
cpu_cpuset_cpus: 0-1
cpu_memory_nodes: 0
active_processor_count: 2
cpu_quota: -1
cpu_period: 100000
cpu_shares: -1
memory_limit_in_bytes: -1
memory_and_swap_limit_in_bytes: -2
memory_soft_limit_in_bytes: -1
memory_usage_in_bytes: 3573035008
memory_max_usage_in_bytes: 3585990656


CPU:total 2 (initial active 2) (1 cores per cpu, 1 threads per core) family 6 model 85 stepping 4, cmov, cx8, fxsr, mmx, sse, sse2, sse3, ssse3, sse4.1, sse4.2, popcnt, avx, avx2, aes, clmul, erms, rtm, 3dnowpref, lzcnt, tsc, bmi1, bmi2, adx

/proc/cpuinfo:
processor	: 0
vendor_id	: GenuineIntel
cpu family	: 6
model		: 85
model name	: Intel(R) Xeon(R) Gold 6140 CPU @ 2.30GHz
stepping	: 4
microcode	: 0x1
cpu MHz		: 2294.608
cache size	: 25344 KB
physical id	: 0
siblings	: 1
core id		: 0
cpu cores	: 1
apicid		: 0
initial apicid	: 0
fpu		: yes
fpu_exception	: yes
cpuid level	: 13
wp		: yes
flags		: fpu vme de pse tsc msr pae mce cx8 apic sep mtrr pge mca cmov pat pse36 clflush mmx fxsr sse sse2 ss syscall nx pdpe1gb rdtscp lm constant_tsc arch_perfmon rep_good nopl cpuid tsc_known_freq pni pclmulqdq vmx ssse3 fma cx16 pcid sse4_1 sse4_2 x2apic movbe popcnt tsc_deadline_timer aes xsave avx f16c rdrand hypervisor lahf_lm abm 3dnowprefetch cpuid_fault invpcid_single pti ssbd ibrs ibpb tpr_shadow vnmi flexpriority ept vpid fsgsbase tsc_adjust bmi1 hle avx2 smep bmi2 erms invpcid rtm mpx avx512f avx512dq rdseed adx smap clflushopt clwb avx512cd avx512bw avx512vl xsaveopt xsavec xgetbv1 xsaves pku ospke md_clear
bugs		: cpu_meltdown spectre_v1 spectre_v2 spec_store_bypass l1tf mds
bogomips	: 4589.21
clflush size	: 64
cache_alignment	: 64
address sizes	: 40 bits physical, 48 bits virtual
power management:

processor	: 1
vendor_id	: GenuineIntel
cpu family	: 6
model		: 85
model name	: Intel(R) Xeon(R) Gold 6140 CPU @ 2.30GHz
stepping	: 4
microcode	: 0x1
cpu MHz		: 2294.608
cache size	: 25344 KB
physical id	: 1
siblings	: 1
core id		: 0
cpu cores	: 1
apicid		: 1
initial apicid	: 1
fpu		: yes
fpu_exception	: yes
cpuid level	: 13
wp		: yes
flags		: fpu vme de pse tsc msr pae mce cx8 apic sep mtrr pge mca cmov pat pse36 clflush mmx fxsr sse sse2 ss syscall nx pdpe1gb rdtscp lm constant_tsc arch_perfmon rep_good nopl cpuid tsc_known_freq pni pclmulqdq vmx ssse3 fma cx16 pcid sse4_1 sse4_2 x2apic movbe popcnt tsc_deadline_timer aes xsave avx f16c rdrand hypervisor lahf_lm abm 3dnowprefetch cpuid_fault invpcid_single pti ssbd ibrs ibpb tpr_shadow vnmi flexpriority ept vpid fsgsbase tsc_adjust bmi1 hle avx2 smep bmi2 erms invpcid rtm mpx avx512f avx512dq rdseed adx smap clflushopt clwb avx512cd avx512bw avx512vl xsaveopt xsavec xgetbv1 xsaves pku ospke md_clear
bugs		: cpu_meltdown spectre_v1 spectre_v2 spec_store_bypass l1tf mds
bogomips	: 4589.21
clflush size	: 64
cache_alignment	: 64
address sizes	: 40 bits physical, 48 bits virtual
power management:



Memory: 4k page, physical 4039568k(107100k free), swap 0k(0k free)

vm_info: OpenJDK 64-Bit Server VM (25.212-b03) for linux-amd64 JRE (1.8.0_212-8u212-b03-0ubuntu1.18.04.1-b03), built on Apr 26 2019 01:04:36 by "buildd" with gcc 7.3.0

time: Tue Jul 23 08:32:08 2019
timezone: UTC
elapsed time: 4 seconds (0d 0h 0m 4s)

